<?xml version="1.0" encoding="UTF-8"?>
<!-- Generated by org.testng.reporters.JUnitXMLReporter -->
<testsuite ignored="0" hostname="SSNakate" failures="1" tests="3" name="MyTest" time="8.982" errors="0" timestamp="2024-02-06T11:05:04 IST">
  <testcase classname="seleniumcodesnippet.test.LaunchBrowserTest" name="launchDiffDriver" time="4.664"/>
  <testcase classname="seleniumcodesnippet.test.ScreenShotTest" name="loginGithub" time="3.637"/>
  <testcase classname="seleniumcodesnippet.test.ScreenShotTest" name="snapShot" time="0.0">
    <failure type="org.testng.TestNGException" message="
Cannot inject @Test annotated Method [snapShot] with [interface org.openqa.selenium.WebDriver, class java.lang.String].
For more information on native dependency injection please refer to https://testng.org/doc/documentation-main.html#native-dependency-injection">
      <![CDATA[org.testng.TestNGException: 
Cannot inject @Test annotated Method [snapShot] with [interface org.openqa.selenium.WebDriver, class java.lang.String].
For more information on native dependency injection please refer to https://testng.org/doc/documentation-main.html#native-dependency-injection
at java.base/java.util.ArrayList.forEach(ArrayList.java:1511)
... Removed 26 stack frames]]>
    </failure>
  </testcase> <!-- snapShot -->
</testsuite> <!-- MyTest -->
